2018-06-05 15:02:22.339  INFO 11984 --- [main] c.k.f.workflow.api.WorkflowApplication   : No active profile set, falling back to default profiles: default
2018-06-05 15:02:22.359  INFO 11984 --- [main] ationConfigEmbeddedWebApplicationContext : Refreshing org.springframework.boot.context.embedded.AnnotationConfigEmbeddedWebApplicationContext@47f08b81: startup date [Tue Jun 05 15:02:22 CST 2018]; parent: org.springframework.context.annotation.AnnotationConfigApplicationContext@4c5474f5
2018-06-05 15:02:23.437  INFO 11984 --- [main] o.s.b.f.s.DefaultListableBeanFactory     : Overriding bean definition for bean 'dataSource' with a different definition: replacing [Root bean: class [null]; scope=; abstract=false; lazyInit=false; autowireMode=3; dependencyCheck=0; autowireCandidate=true; primary=false; factoryBeanName=org.springframework.boot.autoconfigure.jdbc.DataSourceConfiguration$Dbcp; factoryMethodName=dataSource; initMethodName=null; destroyMethodName=(inferred); defined in class path resource [org/springframework/boot/autoconfigure/jdbc/DataSourceConfiguration$Dbcp.class]] with [Root bean: class [null]; scope=; abstract=false; lazyInit=false; autowireMode=3; dependencyCheck=0; autowireCandidate=true; primary=false; factoryBeanName=org.springframework.boot.autoconfigure.jdbc.DataSourceConfiguration$Tomcat; factoryMethodName=dataSource; initMethodName=null; destroyMethodName=(inferred); defined in class path resource [org/springframework/boot/autoconfigure/jdbc/DataSourceConfiguration$Tomcat.class]]
2018-06-05 15:02:23.596  INFO 11984 --- [main] .s.d.r.c.RepositoryConfigurationDelegate : Multiple Spring Data modules found, entering strict repository configuration mode!
2018-06-05 15:02:23.892  INFO 11984 --- [main] o.s.cloud.context.scope.GenericScope     : BeanFactory id=511918da-e261-32b3-b2a5-90474705b119
2018-06-05 15:02:23.911  INFO 11984 --- [main] f.a.AutowiredAnnotationBeanPostProcessor : JSR-330 'javax.inject.Inject' annotation found and supported for autowiring
2018-06-05 15:02:24.081  INFO 11984 --- [main] trationDelegate$BeanPostProcessorChecker : Bean 'org.springframework.transaction.annotation.ProxyTransactionManagementConfiguration' of type [org.springframework.transaction.annotation.ProxyTransactionManagementConfiguration$$EnhancerBySpringCGLIB$$8314102b] is not eligible for getting processed by all BeanPostProcessors (for example: not eligible for auto-proxying)
2018-06-05 15:02:24.257  INFO 11984 --- [main] trationDelegate$BeanPostProcessorChecker : Bean 'org.springframework.cache.annotation.ProxyCachingConfiguration' of type [org.springframework.cache.annotation.ProxyCachingConfiguration$$EnhancerBySpringCGLIB$$cc264649] is not eligible for getting processed by all BeanPostProcessors (for example: not eligible for auto-proxying)
2018-06-05 15:02:24.279  INFO 11984 --- [main] trationDelegate$BeanPostProcessorChecker : Bean 'org.springframework.boot.autoconfigure.cache.CacheAutoConfiguration' of type [org.springframework.boot.autoconfigure.cache.CacheAutoConfiguration$$EnhancerBySpringCGLIB$$c09a0aed] is not eligible for getting processed by all BeanPostProcessors (for example: not eligible for auto-proxying)
2018-06-05 15:02:24.304  INFO 11984 --- [main] trationDelegate$BeanPostProcessorChecker : Bean 'spring.cache-org.springframework.boot.autoconfigure.cache.CacheProperties' of type [org.springframework.boot.autoconfigure.cache.CacheProperties] is not eligible for getting processed by all BeanPostProcessors (for example: not eligible for auto-proxying)
2018-06-05 15:02:24.316  INFO 11984 --- [main] trationDelegate$BeanPostProcessorChecker : Bean 'cacheManagerCustomizers' of type [org.springframework.boot.autoconfigure.cache.CacheManagerCustomizers] is not eligible for getting processed by all BeanPostProcessors (for example: not eligible for auto-proxying)
2018-06-05 15:02:24.321  INFO 11984 --- [main] trationDelegate$BeanPostProcessorChecker : Bean 'org.springframework.boot.autoconfigure.cache.RedisCacheConfiguration' of type [org.springframework.boot.autoconfigure.cache.RedisCacheConfiguration$$EnhancerBySpringCGLIB$$712ba747] is not eligible for getting processed by all BeanPostProcessors (for example: not eligible for auto-proxying)
2018-06-05 15:02:24.331  INFO 11984 --- [main] trationDelegate$BeanPostProcessorChecker : Bean 'org.springframework.boot.autoconfigure.data.redis.RedisAutoConfiguration$RedisConfiguration' of type [org.springframework.boot.autoconfigure.data.redis.RedisAutoConfiguration$RedisConfiguration$$EnhancerBySpringCGLIB$$c8b695b8] is not eligible for getting processed by all BeanPostProcessors (for example: not eligible for auto-proxying)
2018-06-05 15:02:24.345  INFO 11984 --- [main] trationDelegate$BeanPostProcessorChecker : Bean 'spring.redis-org.springframework.boot.autoconfigure.data.redis.RedisProperties' of type [org.springframework.boot.autoconfigure.data.redis.RedisProperties] is not eligible for getting processed by all BeanPostProcessors (for example: not eligible for auto-proxying)
2018-06-05 15:02:24.353  INFO 11984 --- [main] trationDelegate$BeanPostProcessorChecker : Bean 'org.springframework.boot.autoconfigure.data.redis.RedisAutoConfiguration$RedisConnectionConfiguration' of type [org.springframework.boot.autoconfigure.data.redis.RedisAutoConfiguration$RedisConnectionConfiguration$$EnhancerBySpringCGLIB$$170e373a] is not eligible for getting processed by all BeanPostProcessors (for example: not eligible for auto-proxying)
2018-06-05 15:02:24.392  INFO 11984 --- [main] trationDelegate$BeanPostProcessorChecker : Bean 'redisConnectionFactory' of type [org.springframework.data.redis.connection.jedis.JedisConnectionFactory] is not eligible for getting processed by all BeanPostProcessors (for example: not eligible for auto-proxying)
2018-06-05 15:02:24.425  INFO 11984 --- [main] trationDelegate$BeanPostProcessorChecker : Bean 'redisTemplate' of type [org.springframework.data.redis.core.RedisTemplate] is not eligible for getting processed by all BeanPostProcessors (for example: not eligible for auto-proxying)
2018-06-05 15:02:24.446  INFO 11984 --- [main] trationDelegate$BeanPostProcessorChecker : Bean 'cacheManager' of type [org.springframework.data.redis.cache.RedisCacheManager] is not eligible for getting processed by all BeanPostProcessors (for example: not eligible for auto-proxying)
2018-06-05 15:02:24.448  INFO 11984 --- [main] trationDelegate$BeanPostProcessorChecker : Bean 'cacheAutoConfigurationValidator' of type [org.springframework.boot.autoconfigure.cache.CacheAutoConfiguration$CacheManagerValidator] is not eligible for getting processed by all BeanPostProcessors (for example: not eligible for auto-proxying)
2018-06-05 15:02:24.474  INFO 11984 --- [main] trationDelegate$BeanPostProcessorChecker : Bean 'org.springframework.cloud.netflix.metrics.MetricsInterceptorConfiguration$MetricsRestTemplateConfiguration' of type [org.springframework.cloud.netflix.metrics.MetricsInterceptorConfiguration$MetricsRestTemplateConfiguration$$EnhancerBySpringCGLIB$$b540b66c] is not eligible for getting processed by all BeanPostProcessors (for example: not eligible for auto-proxying)
2018-06-05 15:02:24.487  INFO 11984 --- [main] trationDelegate$BeanPostProcessorChecker : Bean 'org.springframework.cloud.autoconfigure.ConfigurationPropertiesRebinderAutoConfiguration' of type [org.springframework.cloud.autoconfigure.ConfigurationPropertiesRebinderAutoConfiguration$$EnhancerBySpringCGLIB$$9f2e1328] is not eligible for getting processed by all BeanPostProcessors (for example: not eligible for auto-proxying)
2018-06-05 15:02:24.673  INFO 11984 --- [main] org.eclipse.jetty.util.log               : Logging initialized @4843ms to org.eclipse.jetty.util.log.Slf4jLog
2018-06-05 15:02:24.770  INFO 11984 --- [main] e.j.JettyEmbeddedServletContainerFactory : Server initialized with port: 18090
2018-06-05 15:02:24.772  INFO 11984 --- [main] org.eclipse.jetty.server.Server          : jetty-9.4.7.v20170914
2018-06-05 15:02:24.863  INFO 11984 --- [main] org.eclipse.jetty.server.session         : DefaultSessionIdManager workerName=node0
2018-06-05 15:02:24.863  INFO 11984 --- [main] org.eclipse.jetty.server.session         : No SessionScavenger set, using defaults
2018-06-05 15:02:24.864  INFO 11984 --- [main] org.eclipse.jetty.server.session         : Scavenging every 660000ms
2018-06-05 15:02:24.871  INFO 11984 --- [main] o.e.j.s.h.ContextHandler.application     : Initializing Spring embedded WebApplicationContext
2018-06-05 15:02:24.871  INFO 11984 --- [main] o.s.web.context.ContextLoader            : Root WebApplicationContext: initialization completed in 2512 ms
2018-06-05 15:02:25.193  INFO 11984 --- [main] o.s.b.w.servlet.ServletRegistrationBean  : Mapping servlet: 'dispatcherServlet' to [/]
2018-06-05 15:02:25.195  INFO 11984 --- [main] o.s.b.w.servlet.FilterRegistrationBean   : Mapping filter: 'metricsFilter' to: [/*]
2018-06-05 15:02:25.196  INFO 11984 --- [main] o.s.b.w.servlet.FilterRegistrationBean   : Mapping filter: 'characterEncodingFilter' to: [/*]
2018-06-05 15:02:25.196  INFO 11984 --- [main] o.s.b.w.servlet.FilterRegistrationBean   : Mapping filter: 'hiddenHttpMethodFilter' to: [/*]
2018-06-05 15:02:25.196  INFO 11984 --- [main] o.s.b.w.servlet.FilterRegistrationBean   : Mapping filter: 'httpPutFormContentFilter' to: [/*]
2018-06-05 15:02:25.196  INFO 11984 --- [main] o.s.b.w.servlet.FilterRegistrationBean   : Mapping filter: 'requestContextFilter' to: [/*]
2018-06-05 15:02:25.196  INFO 11984 --- [main] o.s.b.w.servlet.FilterRegistrationBean   : Mapping filter: 'webRequestLoggingFilter' to: [/*]
2018-06-05 15:02:25.196  INFO 11984 --- [main] o.s.b.w.servlet.FilterRegistrationBean   : Mapping filter: 'applicationContextIdFilter' to: [/*]
2018-06-05 15:02:25.201  INFO 11984 --- [main] o.e.jetty.server.handler.ContextHandler  : Started o.s.b.c.e.j.JettyEmbeddedWebAppContext@7608a838{/,[file:///C:/Users/Admin/AppData/Local/Temp/jetty-docbase.5941860105233653492.18090/, jar:file:/D:/work/maven/contractRepository/io/springfox/springfox-swagger-ui/2.7.0/springfox-swagger-ui-2.7.0.jar!/META-INF/resources],AVAILABLE}
2018-06-05 15:02:25.202  INFO 11984 --- [main] org.eclipse.jetty.server.Server          : Started @5373ms
2018-06-05 15:02:25.739  INFO 11984 --- [main] o.f.e.i.c.ProcessEngineConfigurationImpl : Found 1 Engine Configurators in total:
2018-06-05 15:02:25.739  INFO 11984 --- [main] o.f.e.i.c.ProcessEngineConfigurationImpl : class org.flowable.spring.configurator.SpringIdmEngineConfigurator (priority:100000)
2018-06-05 15:02:25.739  INFO 11984 --- [main] o.f.e.i.c.ProcessEngineConfigurationImpl : Executing beforeInit() of class org.flowable.spring.configurator.SpringIdmEngineConfigurator (priority:100000)
2018-06-05 15:02:26.789  INFO 11984 --- [main] o.f.e.i.c.ProcessEngineConfigurationImpl : Executing configure() of class org.flowable.spring.configurator.SpringIdmEngineConfigurator (priority:100000)
2018-06-05 15:02:26.845  INFO 11984 --- [main] o.f.idm.engine.impl.IdmEngineImpl        : IdmEngine default created
2018-06-05 15:02:26.879  INFO 11984 --- [main] o.f.engine.impl.ProcessEngineImpl        : ProcessEngine default created
2018-06-05 15:02:26.883  INFO 11984 --- [main] o.f.j.s.i.a.AbstractAsyncExecutor        : Starting up the async job executor [org.flowable.spring.SpringAsyncExecutor].
2018-06-05 15:02:26.884  INFO 11984 --- [Thread-26] o.f.j.s.i.a.AcquireAsyncJobsDueRunnable  : starting to acquire async jobs due
2018-06-05 15:02:26.884  INFO 11984 --- [Thread-27] o.f.j.s.i.a.AcquireTimerJobsRunnable     : starting to acquire async jobs due
2018-06-05 15:02:26.884  INFO 11984 --- [Thread-28] o.f.j.s.i.a.ResetExpiredJobsRunnable     : starting to reset expired jobs
2018-06-05 15:02:26.917  INFO 11984 --- [main] o.f.e.impl.cmd.ValidateV5EntitiesCmd     : Total of v5 deployments found: 0
2018-06-05 15:02:27.544  WARN 11984 --- [main] c.n.c.sources.URLConfigurationSource     : No URLs will be polled as dynamic configuration sources.
2018-06-05 15:02:27.544  INFO 11984 --- [main] c.n.c.sources.URLConfigurationSource     : To enable URLs as dynamic configuration sources, define System property archaius.configurationSource.additionalUrls or make config.properties available on classpath.
2018-06-05 15:02:27.549  WARN 11984 --- [main] c.n.c.sources.URLConfigurationSource     : No URLs will be polled as dynamic configuration sources.
2018-06-05 15:02:27.549  INFO 11984 --- [main] c.n.c.sources.URLConfigurationSource     : To enable URLs as dynamic configuration sources, define System property archaius.configurationSource.additionalUrls or make config.properties available on classpath.
2018-06-05 15:02:28.016  INFO 11984 --- [main] s.w.s.m.m.a.RequestMappingHandlerAdapter : Looking for @ControllerAdvice: org.springframework.boot.context.embedded.AnnotationConfigEmbeddedWebApplicationContext@47f08b81: startup date [Tue Jun 05 15:02:22 CST 2018]; parent: org.springframework.context.annotation.AnnotationConfigApplicationContext@4c5474f5
2018-06-05 15:02:28.137  INFO 11984 --- [main] s.w.s.m.m.a.RequestMappingHandlerMapping : Mapped "{[/borrow/searchApplyIds],methods=[GET]}" onto public com.keywordstone.framework.common.basic.dto.ResultDTO com.keywordstone.framework.workflow.api.controller.BorrowController.searchApplyIds()
2018-06-05 15:02:28.140  INFO 11984 --- [main] s.w.s.m.m.a.RequestMappingHandlerMapping : Mapped "{[/borrow/searchApplyInfos],methods=[POST]}" onto public com.keywordstone.framework.common.basic.dto.ResultDTO com.keywordstone.framework.workflow.api.controller.BorrowController.searchApplyInfos(com.keywordstone.framework.workflow.sdk.dto.BorrowSearchDTO)
2018-06-05 15:02:28.140  INFO 11984 --- [main] s.w.s.m.m.a.RequestMappingHandlerMapping : Mapped "{[/borrow/searchProcess],methods=[GET]}" onto public java.util.List<java.util.Map<java.lang.String, java.lang.Object>> com.keywordstone.framework.workflow.api.controller.BorrowController.searchProcess()
2018-06-05 15:02:28.141  INFO 11984 --- [main] s.w.s.m.m.a.RequestMappingHandlerMapping : Mapped "{[/borrow/contractBorrowApply],methods=[POST]}" onto public com.keywordstone.framework.common.basic.dto.ResultDTO com.keywordstone.framework.workflow.api.controller.BorrowController.contractBorrowApply(com.keywordstone.framework.workflow.sdk.dto.BorrowContractDTO)
2018-06-05 15:02:28.141  INFO 11984 --- [main] s.w.s.m.m.a.RequestMappingHandlerMapping : Mapped "{[/borrow/contractBorrowApprove],methods=[POST]}" onto public com.keywordstone.framework.common.basic.dto.ResultDTO com.keywordstone.framework.workflow.api.controller.BorrowController.contractBorrowApprove(com.keywordstone.framework.workflow.sdk.dto.BorrowContractDTO)
2018-06-05 15:02:28.141  INFO 11984 --- [main] s.w.s.m.m.a.RequestMappingHandlerMapping : Mapped "{[/borrow/searchBorrowApprove],methods=[POST]}" onto public com.keywordstone.framework.common.basic.dto.ResultDTO com.keywordstone.framework.workflow.api.controller.BorrowController.searchBorrowApprove(com.keywordstone.framework.workflow.sdk.dto.BorrowSearchDTO)
2018-06-05 15:02:28.142  INFO 11984 --- [main] s.w.s.m.m.a.RequestMappingHandlerMapping : Mapped "{[/design/addUser],methods=[POST]}" onto public com.keywordstone.framework.common.basic.dto.ResultDTO com.keywordstone.framework.workflow.api.controller.DesignController.addUser(com.keywordstone.framework.common.basic.dto.AbstractDTO)
2018-06-05 15:02:28.142  INFO 11984 --- [main] s.w.s.m.m.a.RequestMappingHandlerMapping : Mapped "{[/design/findAll],methods=[GET]}" onto public com.keywordstone.framework.common.basic.dto.ResultDTO com.keywordstone.framework.workflow.api.controller.DesignController.findAll()
2018-06-05 15:02:28.143  INFO 11984 --- [main] s.w.s.m.m.a.RequestMappingHandlerMapping : Mapped "{[/design/findById],methods=[GET]}" onto public com.keywordstone.framework.common.basic.dto.ResultDTO com.keywordstone.framework.workflow.api.controller.DesignController.findById(java.lang.String)
2018-06-05 15:02:28.143  INFO 11984 --- [main] s.w.s.m.m.a.RequestMappingHandlerMapping : Mapped "{[/design/upload],methods=[POST]}" onto public com.keywordstone.framework.common.basic.dto.ResultDTO com.keywordstone.framework.workflow.api.controller.DesignController.upload(com.keywordstone.framework.workflow.sdk.dto.FlowDTO)
2018-06-05 15:02:28.143  INFO 11984 --- [main] s.w.s.m.m.a.RequestMappingHandlerMapping : Mapped "{[/design/download],methods=[GET]}" onto public void com.keywordstone.framework.workflow.api.controller.DesignController.download(java.lang.String)
2018-06-05 15:02:28.143  INFO 11984 --- [main] s.w.s.m.m.a.RequestMappingHandlerMapping : Mapped "{[/design/delUser],methods=[POST]}" onto public com.keywordstone.framework.common.basic.dto.ResultDTO com.keywordstone.framework.workflow.api.controller.DesignController.delUser(com.keywordstone.framework.common.basic.dto.AbstractDTO)
2018-06-05 15:02:28.147  INFO 11984 --- [main] s.w.s.m.m.a.RequestMappingHandlerMapping : Mapped "{[/process/remove],methods=[GET]}" onto public com.keywordstone.framework.common.basic.dto.ResultDTO<java.lang.String> com.keywordstone.framework.workflow.api.controller.ProcessController.remove(java.lang.String)
2018-06-05 15:02:28.147  INFO 11984 --- [main] s.w.s.m.m.a.RequestMappingHandlerMapping : Mapped "{[/process/update],methods=[POST]}" onto public com.keywordstone.framework.common.basic.dto.ResultDTO<java.lang.String> com.keywordstone.framework.workflow.api.controller.ProcessController.update(com.keywordstone.framework.workflow.sdk.dto.WorkUpdateDTO)
2018-06-05 15:02:28.147  INFO 11984 --- [main] s.w.s.m.m.a.RequestMappingHandlerMapping : Mapped "{[/process/generate],methods=[POST]}" onto public com.keywordstone.framework.common.basic.dto.ResultDTO<java.lang.String> com.keywordstone.framework.workflow.api.controller.ProcessController.generate(com.keywordstone.framework.workflow.sdk.dto.WorkGenerateDTO)
2018-06-05 15:02:28.148  INFO 11984 --- [main] s.w.s.m.m.a.RequestMappingHandlerMapping : Mapped "{[/process/findByEntityId],methods=[GET]}" onto public com.keywordstone.framework.common.basic.dto.ResultDTO<com.keywordstone.framework.workflow.sdk.dto.WorkEntityDTO> com.keywordstone.framework.workflow.api.controller.ProcessController.findByEntityId(java.lang.String)
2018-06-05 15:02:28.148  INFO 11984 --- [main] s.w.s.m.m.a.RequestMappingHandlerMapping : Mapped "{[/process/findByOperator],methods=[GET]}" onto public com.keywordstone.framework.common.basic.dto.ResultDTO<java.util.List<com.keywordstone.framework.workflow.sdk.dto.WorkDTO>> com.keywordstone.framework.workflow.api.controller.ProcessController.findByOperator()
2018-06-05 15:02:28.148  INFO 11984 --- [main] s.w.s.m.m.a.RequestMappingHandlerMapping : Mapped "{[/process/findByWorkId],methods=[GET]}" onto public com.keywordstone.framework.common.basic.dto.ResultDTO<com.keywordstone.framework.workflow.sdk.dto.WorkDTO> com.keywordstone.framework.workflow.api.controller.ProcessController.findByWorkId(java.lang.String)
2018-06-05 15:02:28.149  INFO 11984 --- [main] s.w.s.m.m.a.RequestMappingHandlerMapping : Mapped "{[/process/workLog],methods=[GET]}" onto public com.keywordstone.framework.common.basic.dto.ResultDTO<java.util.List<com.keywordstone.framework.workflow.sdk.dto.WorkLogDTO>> com.keywordstone.framework.workflow.api.controller.ProcessController.workLog(java.lang.String)
2018-06-05 15:02:28.149  INFO 11984 --- [main] s.w.s.m.m.a.RequestMappingHandlerMapping : Mapped "{[/process/workLogPageable],methods=[POST]}" onto public com.keywordstone.framework.common.basic.dto.ResultDTO<com.keywordstone.framework.common.basic.dto.PageResultDTO<com.keywordstone.framework.workflow.sdk.dto.WorkLogDTO>> com.keywordstone.framework.workflow.api.controller.ProcessController.workLogPageable(java.lang.String,com.keywordstone.framework.common.basic.entity.Pageable)
2018-06-05 15:02:28.149  INFO 11984 --- [main] s.w.s.m.m.a.RequestMappingHandlerMapping : Mapped "{[/process/findByOperatorPageable],methods=[POST]}" onto public com.keywordstone.framework.common.basic.dto.ResultDTO<com.keywordstone.framework.common.basic.dto.PageResultDTO<com.keywordstone.framework.workflow.sdk.dto.WorkDTO>> com.keywordstone.framework.workflow.api.controller.ProcessController.findByOperatorPageable(com.keywordstone.framework.common.basic.entity.Pageable)
2018-06-05 15:02:28.150  INFO 11984 --- [main] s.w.s.m.m.a.RequestMappingHandlerMapping : Mapped "{[/process/dateRangeCompletedCount],methods=[POST]}" onto public com.keywordstone.framework.common.basic.dto.ResultDTO<java.util.List<java.lang.Integer>> com.keywordstone.framework.workflow.api.controller.ProcessController.dateRangeCompletedCount(java.util.List<com.keywordstone.framework.workflow.sdk.dto.DateRangeDTO>)
2018-06-05 15:02:28.150  INFO 11984 --- [main] s.w.s.m.m.a.RequestMappingHandlerMapping : Mapped "{[/process/dateRangeUncompletedCount],methods=[POST]}" onto public com.keywordstone.framework.common.basic.dto.ResultDTO<java.util.List<java.lang.Integer>> com.keywordstone.framework.workflow.api.controller.ProcessController.dateRangeUncompletedCount(java.util.List<com.keywordstone.framework.workflow.sdk.dto.DateRangeDTO>)
2018-06-05 15:02:28.150  INFO 11984 --- [main] s.w.s.m.m.a.RequestMappingHandlerMapping : Mapped "{[/process/complicatedSearchPageable],methods=[POST]}" onto public com.keywordstone.framework.common.basic.dto.ResultDTO<com.keywordstone.framework.common.basic.dto.PageResultDTO<com.keywordstone.framework.workflow.sdk.dto.WorkDTO>> com.keywordstone.framework.workflow.api.controller.ProcessController.complicatedSearchPageable(com.keywordstone.framework.workflow.sdk.dto.WorkConditionDTO)
2018-06-05 15:02:28.152  INFO 11984 --- [main] s.w.s.m.m.a.RequestMappingHandlerMapping : Mapped "{[/error]}" onto public org.springframework.http.ResponseEntity<java.util.Map<java.lang.String, java.lang.Object>> org.springframework.boot.autoconfigure.web.BasicErrorController.error(javax.servlet.http.HttpServletRequest)
2018-06-05 15:02:28.153  INFO 11984 --- [main] s.w.s.m.m.a.RequestMappingHandlerMapping : Mapped "{[/error],produces=[text/html]}" onto public org.springframework.web.servlet.ModelAndView org.springframework.boot.autoconfigure.web.BasicErrorController.errorHtml(javax.servlet.http.HttpServletRequest,javax.servlet.http.HttpServletResponse)
2018-06-05 15:02:28.208  INFO 11984 --- [main] o.s.w.s.handler.SimpleUrlHandlerMapping  : Mapped URL path [/webjars/**] onto handler of type [class org.springframework.web.servlet.resource.ResourceHttpRequestHandler]
2018-06-05 15:02:28.209  INFO 11984 --- [main] o.s.w.s.handler.SimpleUrlHandlerMapping  : Mapped URL path [/**] onto handler of type [class org.springframework.web.servlet.resource.ResourceHttpRequestHandler]
2018-06-05 15:02:28.283  INFO 11984 --- [main] o.s.w.s.handler.SimpleUrlHandlerMapping  : Mapped URL path [/**/favicon.ico] onto handler of type [class org.springframework.web.servlet.resource.ResourceHttpRequestHandler]
2018-06-05 15:02:29.518  INFO 11984 --- [main] o.s.b.a.e.mvc.EndpointHandlerMapping     : Mapped "{[/heapdump || /heapdump.json],methods=[GET],produces=[application/octet-stream]}" onto public void org.springframework.boot.actuate.endpoint.mvc.HeapdumpMvcEndpoint.invoke(boolean,javax.servlet.http.HttpServletRequest,javax.servlet.http.HttpServletResponse) throws java.io.IOException,javax.servlet.ServletException
2018-06-05 15:02:29.519  INFO 11984 --- [main] o.s.b.a.e.mvc.EndpointHandlerMapping     : Mapped "{[/beans || /beans.json],methods=[GET],produces=[application/vnd.spring-boot.actuator.v1+json || application/json]}" onto public java.lang.Object org.springframework.boot.actuate.endpoint.mvc.EndpointMvcAdapter.invoke()
2018-06-05 15:02:29.519  INFO 11984 --- [main] o.s.b.a.e.mvc.EndpointHandlerMapping     : Mapped "{[/autoconfig || /autoconfig.json],methods=[GET],produces=[application/vnd.spring-boot.actuator.v1+json || application/json]}" onto public java.lang.Object org.springframework.boot.actuate.endpoint.mvc.EndpointMvcAdapter.invoke()
2018-06-05 15:02:29.519  INFO 11984 --- [main] o.s.b.a.e.mvc.EndpointHandlerMapping     : Mapped "{[/env],methods=[POST]}" onto public java.lang.Object org.springframework.cloud.context.environment.EnvironmentManagerMvcEndpoint.value(java.util.Map<java.lang.String, java.lang.String>)
2018-06-05 15:02:29.520  INFO 11984 --- [main] o.s.b.a.e.mvc.EndpointHandlerMapping     : Mapped "{[/env/reset],methods=[POST]}" onto public java.util.Map<java.lang.String, java.lang.Object> org.springframework.cloud.context.environment.EnvironmentManagerMvcEndpoint.reset()
2018-06-05 15:02:29.521  INFO 11984 --- [main] o.s.b.a.e.mvc.EndpointHandlerMapping     : Mapped "{[/loggers/{name:.*}],methods=[GET],produces=[application/vnd.spring-boot.actuator.v1+json || application/json]}" onto public java.lang.Object org.springframework.boot.actuate.endpoint.mvc.LoggersMvcEndpoint.get(java.lang.String)
2018-06-05 15:02:29.522  INFO 11984 --- [main] o.s.b.a.e.mvc.EndpointHandlerMapping     : Mapped "{[/loggers/{name:.*}],methods=[POST],consumes=[application/vnd.spring-boot.actuator.v1+json || application/json],produces=[application/vnd.spring-boot.actuator.v1+json || application/json]}" onto public java.lang.Object org.springframework.boot.actuate.endpoint.mvc.LoggersMvcEndpoint.set(java.lang.String,java.util.Map<java.lang.String, java.lang.String>)
2018-06-05 15:02:29.523  INFO 11984 --- [main] o.s.b.a.e.mvc.EndpointHandlerMapping     : Mapped "{[/loggers || /loggers.json],methods=[GET],produces=[application/vnd.spring-boot.actuator.v1+json || application/json]}" onto public java.lang.Object org.springframework.boot.actuate.endpoint.mvc.EndpointMvcAdapter.invoke()
2018-06-05 15:02:29.523  INFO 11984 --- [main] o.s.b.a.e.mvc.EndpointHandlerMapping     : Mapped "{[/metrics/{name:.*}],methods=[GET],produces=[application/vnd.spring-boot.actuator.v1+json || application/json]}" onto public java.lang.Object org.springframework.boot.actuate.endpoint.mvc.MetricsMvcEndpoint.value(java.lang.String)
2018-06-05 15:02:29.523  INFO 11984 --- [main] o.s.b.a.e.mvc.EndpointHandlerMapping     : Mapped "{[/metrics || /metrics.json],methods=[GET],produces=[application/vnd.spring-boot.actuator.v1+json || application/json]}" onto public java.lang.Object org.springframework.boot.actuate.endpoint.mvc.EndpointMvcAdapter.invoke()
2018-06-05 15:02:29.524  INFO 11984 --- [main] o.s.b.a.e.mvc.EndpointHandlerMapping     : Mapped "{[/logfile || /logfile.json],methods=[GET || HEAD]}" onto public void org.springframework.boot.actuate.endpoint.mvc.LogFileMvcEndpoint.invoke(javax.servlet.http.HttpServletRequest,javax.servlet.http.HttpServletResponse) throws javax.servlet.ServletException,java.io.IOException
2018-06-05 15:02:29.524  INFO 11984 --- [main] o.s.b.a.e.mvc.EndpointHandlerMapping     : Mapped "{[/service-registry/instance-status],methods=[GET]}" onto public org.springframework.http.ResponseEntity org.springframework.cloud.client.serviceregistry.endpoint.ServiceRegistryEndpoint.getStatus()
2018-06-05 15:02:29.525  INFO 11984 --- [main] o.s.b.a.e.mvc.EndpointHandlerMapping     : Mapped "{[/service-registry/instance-status],methods=[POST]}" onto public org.springframework.http.ResponseEntity<?> org.springframework.cloud.client.serviceregistry.endpoint.ServiceRegistryEndpoint.setStatus(java.lang.String)
2018-06-05 15:02:29.525  INFO 11984 --- [main] o.s.b.a.e.mvc.EndpointHandlerMapping     : Mapped "{[/info || /info.json],methods=[GET],produces=[application/vnd.spring-boot.actuator.v1+json || application/json]}" onto public java.lang.Object org.springframework.boot.actuate.endpoint.mvc.EndpointMvcAdapter.invoke()
2018-06-05 15:02:29.526  INFO 11984 --- [main] o.s.b.a.e.mvc.EndpointHandlerMapping     : Mapped "{[/flowable/processes/{processDefinitionKey:.*}],methods=[GET],produces=[image/jpeg]}" onto public org.springframework.http.ResponseEntity org.flowable.spring.boot.actuate.endpoint.ProcessEngineMvcEndpoint.processDefinitionDiagram(java.lang.String)
2018-06-05 15:02:29.526  INFO 11984 --- [main] o.s.b.a.e.mvc.EndpointHandlerMapping     : Mapped "{[/flowable || /flowable.json],methods=[GET],produces=[application/vnd.spring-boot.actuator.v1+json || application/json]}" onto public java.lang.Object org.springframework.boot.actuate.endpoint.mvc.EndpointMvcAdapter.invoke()
2018-06-05 15:02:29.526  INFO 11984 --- [main] o.s.b.a.e.mvc.EndpointHandlerMapping     : Mapped "{[/refresh || /refresh.json],methods=[POST]}" onto public java.lang.Object org.springframework.cloud.endpoint.GenericPostableMvcEndpoint.invoke()
2018-06-05 15:02:29.527  INFO 11984 --- [main] o.s.b.a.e.mvc.EndpointHandlerMapping     : Mapped "{[/mappings || /mappings.json],methods=[GET],produces=[application/vnd.spring-boot.actuator.v1+json || application/json]}" onto public java.lang.Object org.springframework.boot.actuate.endpoint.mvc.EndpointMvcAdapter.invoke()
2018-06-05 15:02:29.527  INFO 11984 --- [main] o.s.b.a.e.mvc.EndpointHandlerMapping     : Mapped "{[/configprops || /configprops.json],methods=[GET],produces=[application/vnd.spring-boot.actuator.v1+json || application/json]}" onto public java.lang.Object org.springframework.boot.actuate.endpoint.mvc.EndpointMvcAdapter.invoke()
2018-06-05 15:02:29.527  INFO 11984 --- [main] o.s.b.a.e.mvc.EndpointHandlerMapping     : Mapped "{[/archaius || /archaius.json],methods=[GET],produces=[application/vnd.spring-boot.actuator.v1+json || application/json]}" onto public java.lang.Object org.springframework.boot.actuate.endpoint.mvc.EndpointMvcAdapter.invoke()
2018-06-05 15:02:29.528  INFO 11984 --- [main] o.s.b.a.e.mvc.EndpointHandlerMapping     : Mapped "{[/trace || /trace.json],methods=[GET],produces=[application/vnd.spring-boot.actuator.v1+json || application/json]}" onto public java.lang.Object org.springframework.boot.actuate.endpoint.mvc.EndpointMvcAdapter.invoke()
2018-06-05 15:02:29.528  INFO 11984 --- [main] o.s.b.a.e.mvc.EndpointHandlerMapping     : Mapped "{[/dump || /dump.json],methods=[GET],produces=[application/vnd.spring-boot.actuator.v1+json || application/json]}" onto public java.lang.Object org.springframework.boot.actuate.endpoint.mvc.EndpointMvcAdapter.invoke()
2018-06-05 15:02:29.529  INFO 11984 --- [main] o.s.b.a.e.mvc.EndpointHandlerMapping     : Mapped "{[/health || /health.json],methods=[GET],produces=[application/vnd.spring-boot.actuator.v1+json || application/json]}" onto public java.lang.Object org.springframework.boot.actuate.endpoint.mvc.HealthMvcEndpoint.invoke(javax.servlet.http.HttpServletRequest,java.security.Principal)
2018-06-05 15:02:29.530  INFO 11984 --- [main] o.s.b.a.e.mvc.EndpointHandlerMapping     : Mapped "{[/auditevents || /auditevents.json],methods=[GET],produces=[application/vnd.spring-boot.actuator.v1+json || application/json]}" onto public org.springframework.http.ResponseEntity<?> org.springframework.boot.actuate.endpoint.mvc.AuditEventsMvcEndpoint.findByPrincipalAndAfterAndType(java.lang.String,java.util.Date,java.lang.String)
2018-06-05 15:02:29.530  INFO 11984 --- [main] o.s.b.a.e.mvc.EndpointHandlerMapping     : Mapped "{[/features || /features.json],methods=[GET],produces=[application/vnd.spring-boot.actuator.v1+json || application/json]}" onto public java.lang.Object org.springframework.boot.actuate.endpoint.mvc.EndpointMvcAdapter.invoke()
2018-06-05 15:02:29.531  INFO 11984 --- [main] o.s.b.a.e.mvc.EndpointHandlerMapping     : Mapped "{[/env/{name:.*}],methods=[GET],produces=[application/vnd.spring-boot.actuator.v1+json || application/json]}" onto public java.lang.Object org.springframework.boot.actuate.endpoint.mvc.EnvironmentMvcEndpoint.value(java.lang.String)
2018-06-05 15:02:29.531  INFO 11984 --- [main] o.s.b.a.e.mvc.EndpointHandlerMapping     : Mapped "{[/env || /env.json],methods=[GET],produces=[application/vnd.spring-boot.actuator.v1+json || application/json]}" onto public java.lang.Object org.springframework.boot.actuate.endpoint.mvc.EndpointMvcAdapter.invoke()
2018-06-05 15:02:29.843  INFO 11984 --- [main] o.s.ui.freemarker.SpringTemplateLoader   : SpringTemplateLoader for FreeMarker: using resource loader [org.springframework.boot.context.embedded.AnnotationConfigEmbeddedWebApplicationContext@47f08b81: startup date [Tue Jun 05 15:02:22 CST 2018]; parent: org.springframework.context.annotation.AnnotationConfigApplicationContext@4c5474f5] and template loader path [classpath:/templates/]
2018-06-05 15:02:29.843  INFO 11984 --- [main] o.s.w.s.v.f.FreeMarkerConfigurer         : ClassTemplateLoader for Spring macros added to FreeMarker configuration
2018-06-05 15:02:30.184  WARN 11984 --- [main] arterDeprecationWarningAutoConfiguration : spring-cloud-starter-eureka-server is deprecated as of Spring Cloud Netflix 1.4.0, please migrate to spring-cloud-starter-netflix-eureka-server
2018-06-05 15:02:30.432  INFO 11984 --- [main] o.s.j.e.a.AnnotationMBeanExporter        : Registering beans for JMX exposure on startup
2018-06-05 15:02:30.443  INFO 11984 --- [main] o.s.j.e.a.AnnotationMBeanExporter        : Bean with name 'environmentManager' has been autodetected for JMX exposure
2018-06-05 15:02:30.446  INFO 11984 --- [main] o.s.j.e.a.AnnotationMBeanExporter        : Bean with name 'configurationPropertiesRebinder' has been autodetected for JMX exposure
2018-06-05 15:02:30.446  INFO 11984 --- [main] o.s.j.e.a.AnnotationMBeanExporter        : Bean with name 'refreshEndpoint' has been autodetected for JMX exposure
2018-06-05 15:02:30.447  INFO 11984 --- [main] o.s.j.e.a.AnnotationMBeanExporter        : Bean with name 'serviceRegistryEndpoint' has been autodetected for JMX exposure
2018-06-05 15:02:30.447  INFO 11984 --- [main] o.s.j.e.a.AnnotationMBeanExporter        : Bean with name 'refreshScope' has been autodetected for JMX exposure
2018-06-05 15:02:30.450  INFO 11984 --- [main] o.s.j.e.a.AnnotationMBeanExporter        : Located managed bean 'environmentManager': registering with JMX server as MBean [org.springframework.cloud.context.environment:name=environmentManager,type=EnvironmentManager]
2018-06-05 15:02:30.463  INFO 11984 --- [main] o.s.j.e.a.AnnotationMBeanExporter        : Located managed bean 'serviceRegistryEndpoint': registering with JMX server as MBean [org.springframework.cloud.client.serviceregistry.endpoint:name=serviceRegistryEndpoint,type=ServiceRegistryEndpoint]
2018-06-05 15:02:30.469  INFO 11984 --- [main] o.s.j.e.a.AnnotationMBeanExporter        : Located managed bean 'refreshScope': registering with JMX server as MBean [org.springframework.cloud.context.scope.refresh:name=refreshScope,type=RefreshScope]
2018-06-05 15:02:30.483  INFO 11984 --- [main] o.s.j.e.a.AnnotationMBeanExporter        : Located managed bean 'configurationPropertiesRebinder': registering with JMX server as MBean [org.springframework.cloud.context.properties:name=configurationPropertiesRebinder,context=47f08b81,type=ConfigurationPropertiesRebinder]
2018-06-05 15:02:30.489  INFO 11984 --- [main] o.s.j.e.a.AnnotationMBeanExporter        : Located managed bean 'refreshEndpoint': registering with JMX server as MBean [org.springframework.cloud.endpoint:name=refreshEndpoint,type=RefreshEndpoint]
2018-06-05 15:02:30.730  INFO 11984 --- [main] o.s.c.support.DefaultLifecycleProcessor  : Starting beans in phase 0
2018-06-05 15:02:30.737  INFO 11984 --- [main] o.s.c.n.eureka.InstanceInfoFactory       : Setting initial instance status as: STARTING
2018-06-05 15:02:30.774  INFO 11984 --- [main] com.netflix.discovery.DiscoveryClient    : Initializing Eureka in region us-east-1
2018-06-05 15:02:30.985  INFO 11984 --- [main] c.n.d.provider.DiscoveryJerseyProvider   : Using JSON encoding codec LegacyJacksonJson
2018-06-05 15:02:30.986  INFO 11984 --- [main] c.n.d.provider.DiscoveryJerseyProvider   : Using JSON decoding codec LegacyJacksonJson
2018-06-05 15:02:31.061  INFO 11984 --- [main] c.n.d.provider.DiscoveryJerseyProvider   : Using XML encoding codec XStreamXml
2018-06-05 15:02:31.061  INFO 11984 --- [main] c.n.d.provider.DiscoveryJerseyProvider   : Using XML decoding codec XStreamXml
2018-06-05 15:02:31.293  INFO 11984 --- [main] c.n.d.s.r.aws.ConfigClusterResolver      : Resolving eureka endpoints via configuration
2018-06-05 15:02:31.330  INFO 11984 --- [main] com.netflix.discovery.DiscoveryClient    : Disable delta property : false
2018-06-05 15:02:31.330  INFO 11984 --- [main] com.netflix.discovery.DiscoveryClient    : Single vip registry refresh property : null
2018-06-05 15:02:31.330  INFO 11984 --- [main] com.netflix.discovery.DiscoveryClient    : Force full registry fetch : false
2018-06-05 15:02:31.330  INFO 11984 --- [main] com.netflix.discovery.DiscoveryClient    : Application is null : false
2018-06-05 15:02:31.330  INFO 11984 --- [main] com.netflix.discovery.DiscoveryClient    : Registered Applications size is zero : true
2018-06-05 15:02:31.331  INFO 11984 --- [main] com.netflix.discovery.DiscoveryClient    : Application version is -1: true
2018-06-05 15:02:31.331  INFO 11984 --- [main] com.netflix.discovery.DiscoveryClient    : Getting all instance registry info from the eureka server
2018-06-05 15:02:31.486  INFO 11984 --- [main] com.netflix.discovery.DiscoveryClient    : The response status is 200
2018-06-05 15:02:31.487  INFO 11984 --- [main] com.netflix.discovery.DiscoveryClient    : Starting heartbeat executor: renew interval is: 30
2018-06-05 15:02:31.490  INFO 11984 --- [main] c.n.discovery.InstanceInfoReplicator     : InstanceInfoReplicator onDemand update allowed rate per min is 4
2018-06-05 15:02:31.492  INFO 11984 --- [main] com.netflix.discovery.DiscoveryClient    : Discovery Client initialized at timestamp 1528182151492 with initial instances count: 9
2018-06-05 15:02:31.505  INFO 11984 --- [main] o.s.c.n.e.s.EurekaServiceRegistry        : Registering application service-framework-workflow with eureka with status UP
2018-06-05 15:02:31.506  INFO 11984 --- [main] com.netflix.discovery.DiscoveryClient    : Saw local status change event StatusChangeEvent [timestamp=1528182151506, current=UP, previous=STARTING]
2018-06-05 15:02:31.509  INFO 11984 --- [DiscoveryClient-InstanceInfoReplicator-0] com.netflix.discovery.DiscoveryClient    : DiscoveryClient_SERVICE-FRAMEWORK-WORKFLOW/192.168.200.38:18090: registering service...
2018-06-05 15:02:31.553  INFO 11984 --- [DiscoveryClient-InstanceInfoReplicator-0] com.netflix.discovery.DiscoveryClient    : DiscoveryClient_SERVICE-FRAMEWORK-WORKFLOW/192.168.200.38:18090 - registration status: 204
2018-06-05 15:02:31.584  INFO 11984 --- [main] o.e.j.s.h.ContextHandler.application     : Initializing Spring FrameworkServlet 'dispatcherServlet'
2018-06-05 15:02:31.584  INFO 11984 --- [main] o.s.web.servlet.DispatcherServlet        : FrameworkServlet 'dispatcherServlet': initialization started
2018-06-05 15:02:31.610  INFO 11984 --- [main] o.s.web.servlet.DispatcherServlet        : FrameworkServlet 'dispatcherServlet': initialization completed in 26 ms
2018-06-05 15:02:31.834  INFO 11984 --- [main] o.e.jetty.server.AbstractConnector       : Started ServerConnector@75839695{HTTP/1.1,[http/1.1]}{0.0.0.0:18090}
2018-06-05 15:02:31.836  INFO 11984 --- [main] .s.b.c.e.j.JettyEmbeddedServletContainer : Jetty started on port(s) 18090 (http/1.1)
2018-06-05 15:02:31.837  INFO 11984 --- [main] .s.c.n.e.s.EurekaAutoServiceRegistration : Updating port to 18090
2018-06-05 15:02:31.841  INFO 11984 --- [main] c.k.f.workflow.api.WorkflowApplication   : Started WorkflowApplication in 11.049 seconds (JVM running for 12.012)
2018-06-05 15:07:31.338  INFO 11984 --- [AsyncResolver-bootstrap-executor-0] c.n.d.s.r.aws.ConfigClusterResolver      : Resolving eureka endpoints via configuration
